Starting indexing...
Indexing file (1/1079): OJnaBhCixng.json - 14002 bytes
Indexing file (2/1079): YGstFjI5wzc.json - 2341 bytes
Indexing file (3/1079): pyXnX2SEaFc.json - 41099 bytes
Indexing file (4/1079): le-URjBhevE.json - 10881 bytes
Indexing file (5/1079): wq-Q7CDj6ZI.json - 22835 bytes
Indexing file (6/1079): U3Uw3rgxPTg.json - 8016 bytes
Indexing file (7/1079): 4xuBT3BbsYU.json - 25944 bytes
Indexing file (8/1079): 5PdEmeopJVQ.json - 73769 bytes
Indexing file (9/1079): 3hLmDS179YE.json - 685251 bytes
Indexing file (10/1079): 7CqJlxBYj-M.json - 395300 bytes
Indexing file (11/1079): 7BHs1BzA4fs.json - 54280 bytes
Indexing file (12/1079): I_5IscCJbUI.json - 1805 bytes
Indexing file (13/1079): ER8oKX5myE0.json - 29935 bytes
Indexing file (14/1079): 4HoJIgyclZ4.json - 44552 bytes
Indexing file (15/1079): 1NSPAz1Qc-I.json - 21751 bytes
Indexing file (16/1079): O_wcpXF5ZRY.json - 2019 bytes
Indexing file (17/1079): RApARNfPwsA.json - 7419 bytes
Indexing file (18/1079): 6g4O5UOH304.json - 136970 bytes
Indexing file (19/1079): xBasvuRUm4w.json - 11470 bytes
Indexing file (20/1079): YS4e4q9oBaU.json - 343093 bytes
Indexing file (21/1079): gE9bjYpUrNY.json - 8027 bytes
Indexing file (22/1079): 1gQ6uG5Ujiw.json - 54793 bytes
Indexing file (23/1079): 8u-zJVVVhT4.json - 15994 bytes
Indexing file (24/1079): lKKsjpH09dU.json - 63101 bytes
Indexing file (25/1079): L378ffW2sBc.json - 9367 bytes
Indexing file (26/1079): Wf2eSG3owoA.json - 77097 bytes
Indexing file (27/1079): qCQGV7F7CUc.json - 13505 bytes
Indexing file (28/1079): B2q5cRJvqI8.json - 18052 bytes
Indexing file (29/1079): jWdEM6XLKqI.json - 3016 bytes
Indexing file (30/1079): ujbE0mzX-CU.json - 33259 bytes
Indexing file (31/1079): eUYMiztBEdY.json - 26909 bytes
Indexing file (32/1079): XU5pw3QRYjQ.json - 18268 bytes
Indexing file (33/1079): WMT6-pnOD8Q.json - 2304 bytes
Indexing file (34/1079): 4SXCHvxRSNE.json - 34117 bytes
Indexing file (35/1079): XzdhzyAukMM.json - 11620 bytes
Indexing file (36/1079): zJSY8tbf_ys.json - 284423 bytes
Indexing file (37/1079): QEZXbRiaY1I.json - 3290 bytes
Indexing file (38/1079): 1wn5Ur1_vKg.json - 24680 bytes
Indexing file (39/1079): ROjZy1WbCIA.json - 165774 bytes
Indexing file (40/1079): gG3pytAY2MY.json - 18305 bytes
Indexing file (41/1079): g1vy03ZY5mM.json - 26677 bytes
Indexing file (42/1079): m7ZYJkvWwlE.json - 5139 bytes
Indexing file (43/1079): GEizappc_WI.json - 3227 bytes
Indexing file (44/1079): DPnqb74Smug.json - 157926 bytes
Indexing file (45/1079): 6Ied4aZxUzc.json - 34164 bytes
Indexing file (46/1079): 0oSsLbh_Kv4.json - 30599 bytes
Indexing file (47/1079): NSts93C9UeE.json - 18222 bytes
Indexing file (48/1079): tS6oP1NveoI.json - 9888 bytes
Indexing file (49/1079): FBUJYEQ7OGY.json - 2489 bytes
Indexing file (50/1079): Mo0Oco3Vimo.json - 53676 bytes
Indexing file (51/1079): R8SjM4DKK80.json - 11886 bytes
Indexing file (52/1079): 5cU1ILGy6dM.json - 22671 bytes
Indexing file (53/1079): fsTzLgra5dQ.json - 23967 bytes
Indexing file (54/1079): _tefQyd3Vc8.json - 2558 bytes
Indexing file (55/1079): byHcYRpMgI4.json - 120182 bytes
Indexing file (56/1079): IDsEEMkG9uY.json - 4901 bytes
Indexing file (57/1079): KTFFdZSDiTU.json - 20943 bytes
Indexing file (58/1079): PlxWf493en4.json - 464442 bytes
Indexing file (59/1079): 03L0c-YMIhE.json - 4203 bytes
Indexing file (60/1079): mHFAM0CXviE.json - 16861 bytes
Indexing file (61/1079): nsdtv8O0K50.json - 2802 bytes
Indexing file (62/1079): U3VSJhaC4kc.json - 18864 bytes
Indexing file (63/1079): xxpc-HPKN28.json - 166706 bytes
Indexing file (64/1079): yzeVMecydCE.json - 117854 bytes
Indexing file (65/1079): EErY9zXGLNU.json - 53125 bytes
Indexing file (66/1079): 2OHbjep_WjQ.json - 65488 bytes
Indexing file (67/1079): 04L0BbAcCpQ.json - 45284 bytes
Indexing file (68/1079): dfR6UBEBVvo.json - 2417 bytes
Indexing file (69/1079): BK9iHnkr9nM.json - 1985 bytes
Indexing file (70/1079): iXNsAYOTzgM.json - 18571 bytes
Indexing file (71/1079): gx_qorHxBpI.json - 59016 bytes
Indexing file (72/1079): 9MOZ7-CvJew.json - 1944 bytes
/home/vale/dev/python/progetto-gestione/ysa/indexing.py:82: RuntimeWarning: invalid value encountered in divide
  video_scores /= L
Indexing file (73/1079): erka8USiBgM.json - 72255 bytes
Indexing file (74/1079): X65s7WQLWJY.json - 12385 bytes
Indexing file (75/1079): Vjw7wAZqSM4.json - 4407 bytes
Indexing file (76/1079): NIG4BZ8VpF4.json - 12602 bytes
Indexing file (77/1079): JFLdFubTXZE.json - 1900 bytes
Indexing file (78/1079): pTCPPy_lC7s.json - 4551 bytes
Indexing file (79/1079): 0oyCUWLL_fU.json - 43272 bytes
Indexing file (80/1079): mYUyaKmvu6Y.json - 40288 bytes
Indexing file (81/1079): G8uL0lFFoN0.json - 51055 bytes
Indexing file (82/1079): gYztmRThM9s.json - 1905 bytes
Indexing file (83/1079): 59IXY5IDrBA.json - 27704 bytes
Indexing file (84/1079): hN4Q04ODOEw.json - 24861 bytes
Indexing file (85/1079): Qd_V5hpYk_A.json - 4850 bytes
Indexing file (86/1079): y51Cv4wnsPw.json - 29780 bytes
Indexing file (87/1079): TWFNnbAylHI.json - 3436 bytes
Indexing file (88/1079): XGf2GcyHPhc.json - 728681 bytes
Indexing file (89/1079): GZQkwx10p-8.json - 24032 bytes
Indexing file (90/1079): -h7gOJbIpmo.json - 181281 bytes
Indexing file (91/1079): Sqb-Ue7wpsI.json - 243420 bytes
Indexing file (92/1079): B31LgI4Y4DQ.json - 179887 bytes
Indexing file (93/1079): WO6P92v61y4.json - 11870 bytes
Indexing file (94/1079): sjWsAYJF8BA.json - 12208 bytes
Indexing file (95/1079): 9ReSHQihuZw.json - 20159 bytes
Indexing file (96/1079): ZJng8ls8uH0.json - 4830 bytes
Indexing file (97/1079): jZqYXSmgDuM.json - 26845 bytes
Indexing file (98/1079): YGYoYSR-d98.json - 4168 bytes
Indexing file (99/1079): tLKKmouUams.json - 30423 bytes
Indexing file (100/1079): nGSdva9TI2c.json - 2283 bytes
Indexing file (101/1079): 9uFQECk30kA.json - 18590 bytes
Indexing file (102/1079): iAHQopLuZ4Q.json - 22175 bytes
Indexing file (103/1079): UjDpW_SOrlw.json - 70706 bytes
Indexing file (104/1079): ImtZ5yENzgE.json - 656698 bytes
Indexing file (105/1079): x14G4DCk4nY.json - 46472 bytes
Indexing file (106/1079): r_3AKHSN-XU.json - 760 bytes
Indexing file (107/1079): nu_pCVPKzTk.json - 136444 bytes
Indexing file (108/1079): oXlwWbU8l2o.json - 238071 bytes
Indexing file (109/1079): Wvf0mBNGjXY.json - 56886 bytes
Indexing file (110/1079): veL0_Rb97dE.json - 2456 bytes
Indexing file (111/1079): EoYfa6mYOG4.json - 31188 bytes
Indexing file (112/1079): f4idgaq2VqA.json - 34657 bytes
Indexing file (113/1079): vExLi5bTt3k.json - 2756 bytes
Indexing file (114/1079): 3cbiZV4H22c.json - 15884 bytes
Indexing file (115/1079): 8124kv-632k.json - 63324 bytes
Indexing file (116/1079): wTuymXD0mNE.json - 26387 bytes
Indexing file (117/1079): kUMe1FH4CHE.json - 179505 bytes
Indexing file (118/1079): _C8kWso4ne4.json - 105773 bytes
Indexing file (119/1079): jhEfT9YjLcU.json - 15360 bytes
Indexing file (120/1079): aLMT3B30unM.json - 1687 bytes
Indexing file (121/1079): QkbXjknPoXc.json - 35321 bytes
Indexing file (122/1079): qozLYo3d1Es.json - 5228 bytes
Indexing file (123/1079): jBlTQjcKuaY.json - 78439 bytes
Indexing file (124/1079): SLB_c_ayRMo.json - 225085 bytes
Indexing file (125/1079): iRaai1IBlB0.json - 39424 bytes
Indexing file (126/1079): LBzZLzu2GKo.json - 24812 bytes
Indexing file (127/1079): Aj7HLsJenVg.json - 44065 bytes
Indexing file (128/1079): qjrkV4RjgIU.json - 3657 bytes
Indexing file (129/1079): fQXKjmCDkIA.json - 17315 bytes
Indexing file (130/1079): wLBDFZeQ19U.json - 4458 bytes
Indexing file (131/1079): WNvxR8RFzBg.json - 18299 bytes
Indexing file (132/1079): zg9ih6SVACc.json - 137318 bytes
Indexing file (133/1079): 1hvVcEhcbLM.json - 74248 bytes
Indexing file (134/1079): OK_JCtrrv-c.json - 654719 bytes
Indexing file (135/1079): 0M7SaSsGCMQ.json - 1949 bytes
Indexing file (136/1079): O1KeXo8lE8A.json - 10990 bytes
Indexing file (137/1079): hnDU1G9hWqU.json - 66846 bytes
Indexing file (138/1079): mZdznKc5ZaM.json - 4156 bytes
Indexing file (139/1079): 3PUVr8jFMGg.json - 5798 bytes
Indexing file (140/1079): BYsTrGH6B2s.json - 13834 bytes
Indexing file (141/1079): vhGiGqZ78Rs.json - 23587 bytes
Indexing file (142/1079): S6S5JF6Gou0.json - 41808 bytes
Indexing file (143/1079): JXM7MO2GgGg.json - 1316 bytes
Indexing file (144/1079): sWMAsRqcoWc.json - 9958 bytes
Indexing file (145/1079): Reny0cTTv24.json - 66270 bytes
Indexing file (146/1079): ZfQFUJhPqMM.json - 48196 bytes
Indexing file (147/1079): OqbGRZx4xUc.json - 39583 bytes
Indexing file (148/1079): Fw98L-kcRpc.json - 12735 bytes
Indexing file (149/1079): Oe421EPjeBE.json - 370171 bytes
Indexing file (150/1079): KX_AfyrhlgQ.json - 57749 bytes
Indexing file (151/1079): Hzzmqhc3U0o.json - 978 bytes
Indexing file (152/1079): fi2WkznwWbc.json - 32577 bytes
Indexing file (153/1079): ua-CiDNNj30.json - 239706 bytes
Indexing file (154/1079): hDzgO2FB_ms.json - 37935 bytes
Indexing file (155/1079): T2pd3KRSoHI.json - 23534 bytes
Indexing file (156/1079): 74NW-84BqbA.json - 56533 bytes
Indexing file (157/1079): xkBheRZTkaw.json - 28622 bytes
Indexing file (158/1079): RBSGKlAvoiM.json - 432793 bytes
Indexing file (159/1079): FJDVKeh7RJI.json - 65795 bytes
Indexing file (160/1079): 5JWgw_Umbow.json - 1620 bytes
Indexing file (161/1079): gEBUU6QfVzk.json - 5257 bytes
Indexing file (162/1079): C9cK2Z2JDLg.json - 18881 bytes
Indexing file (163/1079): tvfeBLMA_Q4.json - 20924 bytes
Indexing file (164/1079): 5Tid--2fKr0.json - 4850 bytes
Indexing file (165/1079): X2vAabgKiuM.json - 31383 bytes
Indexing file (166/1079): q7b1W47Fbng.json - 2521 bytes
Indexing file (167/1079): riijspB9DIQ.json - 19045 bytes
Indexing file (168/1079): RjqTo_dfw4w.json - 1075 bytes
Indexing file (169/1079): gANDd4l-G5U.json - 12150 bytes
Indexing file (170/1079): Dvgdh9XIILU.json - 3732 bytes
Indexing file (171/1079): cT_ZYrS3tKc.json - 58584 bytes
Indexing file (172/1079): iNZUaye8lXk.json - 2866 bytes
Indexing file (173/1079): 0Vkdn_dlvZE.json - 8735 bytes
Indexing file (174/1079): 0hd0FPd47II.json - 7402 bytes
Indexing file (175/1079): FGdiSJakIS4.json - 51960 bytes
Indexing file (176/1079): KFmn8sWSYuU.json - 3979 bytes
Indexing file (177/1079): q7tlgZg4Q1o.json - 14995 bytes
Indexing file (178/1079): DF81DiQfAwY.json - 2414 bytes
Indexing file (179/1079): DR-zJXxtefE.json - 13766 bytes
Indexing file (180/1079): mu3epeXRIt0.json - 3735 bytes
Indexing file (181/1079): 47NRaBVxgVM.json - 75219 bytes
Indexing file (182/1079): 7WiJGTPuVeU.json - 36394 bytes
Indexing file (183/1079): m_u6P5k0vP0.json - 447548 bytes
Indexing file (184/1079): WvXsY736Kz0.json - 12484 bytes
Indexing file (185/1079): XVv6mJpFOb0.json - 192930 bytes
Indexing file (186/1079): 1WmNXEVia8I.json - 65767 bytes
Indexing file (187/1079): s0SdM2o4noQ.json - 4751 bytes
Indexing file (188/1079): sPmRfjJdg5Y.json - 4743 bytes
Indexing file (189/1079): -8LTPIJBGwQ.json - 36263 bytes
Indexing file (190/1079): pQN-pnXPaVg.json - 1217416 bytes
Indexing file (191/1079): r7v6EIiHfVA.json - 10557 bytes
Indexing file (192/1079): 4RKuyp_bOhY.json - 11576 bytes
Indexing file (193/1079): wNuRKyMJRQk.json - 5300 bytes
Indexing file (194/1079): gyMwXuJrbJQ.json - 591985 bytes
Indexing file (195/1079): nwK0pJQZMPI.json - 2222 bytes
Indexing file (196/1079): PBtApBmgc1M.json - 3540 bytes
Indexing file (197/1079): Qr4QMBUPxWo.json - 161204 bytes
Indexing file (198/1079): xPi-z3nOcn8.json - 50262 bytes
Indexing file (199/1079): V_xro1bcAuA.json - 69985 bytes
Indexing file (200/1079): nTeuhbP7wdE.json - 138397 bytes
Indexing file (201/1079): r5UtdJNxN94.json - 1488 bytes
Indexing file (202/1079): 80Mr2Z6Qikc.json - 10722 bytes
Indexing file (203/1079): V4waklkBC38.json - 97327 bytes
Indexing file (204/1079): rfscVS0vtbw.json - 9878680 bytes
Indexing file (205/1079): ksVQ68wHR9c.json - 821 bytes
Indexing file (206/1079): 0GKgrEJjJDE.json - 2072 bytes
Indexing file (207/1079): Jp15A5u71rg.json - 2360 bytes
Indexing file (208/1079): CU3jeNzbzqU.json - 27487 bytes
Indexing file (209/1079): Bs68k6xfR3E.json - 6893 bytes
Indexing file (210/1079): XcjqapXfrhk.json - 15866 bytes
Indexing file (211/1079): qO4MJEjjPS8.json - 3850 bytes
Indexing file (212/1079): V53AHWun17s.json - 19803 bytes
Indexing file (213/1079): GIsg-ZUy0MY.json - 91197 bytes
Indexing file (214/1079): XCsS_NVAa1g.json - 15758 bytes
Indexing file (215/1079): AV_VYsJnHQQ.json - 20649 bytes
Indexing file (216/1079): VtRLrQ3Ev-U.json - 46173 bytes
Indexing file (217/1079): GytUZLK4kwA.json - 15243 bytes
Indexing file (218/1079): DiwS9VTMFv0.json - 14219 bytes
Indexing file (219/1079): Mo4vesaut8g.json - 101776 bytes
Indexing file (220/1079): IeM6u4tpM9Y.json - 6961 bytes
Indexing file (221/1079): qpOZup_3P_A.json - 37340 bytes
Indexing file (222/1079): KcfiBrL2Pq4.json - 3540 bytes
Indexing file (223/1079): aoQ6S1a32j8.json - 168548 bytes
Indexing file (224/1079): JgwI22y_eFA.json - 53254 bytes
Indexing file (225/1079): 916GWv2Qs08.json - 73667 bytes
Indexing file (226/1079): 4laPOtTRteI.json - 7486 bytes
Indexing file (227/1079): Kzeog8yTFaE.json - 5575 bytes
Indexing file (228/1079): FwNRb6MwXTI.json - 2018 bytes
Indexing file (229/1079): xr6uZDRTna0.json - 113993 bytes
Indexing file (230/1079): sfT0WrChMrM.json - 2264 bytes
Indexing file (231/1079): Po2cW_K0ZYE.json - 1320 bytes
Indexing file (232/1079): C72fFjPya-8.json - 10136 bytes
Indexing file (233/1079): 5ovUehSEmEc.json - 2476 bytes
Indexing file (234/1079): RlDx4UAxlPs.json - 7637 bytes
Indexing file (235/1079): C6jJg9Zan7w.json - 378652 bytes
Indexing file (236/1079): P4Z8_qe2Cu0.json - 40300 bytes
Indexing file (237/1079): 4OaHB0JbJDI.json - 83611 bytes
Indexing file (238/1079): bKuE-afbRLU.json - 14264 bytes
Indexing file (239/1079): jwCmIBJ8Jtc.json - 172879 bytes
Indexing file (240/1079): HFWQdGn5DaU.json - 57505 bytes
Indexing file (241/1079): cI3FOYIMSYE.json - 27525 bytes
Indexing file (242/1079): 0Ntm97b0GYc.json - 3830 bytes
Indexing file (243/1079): IFAmuQgjMK0.json - 4251 bytes
Indexing file (244/1079): -xAJKmjKCUE.json - 5895 bytes
Indexing file (245/1079): KbQbN5BsbVg.json - 1521 bytes
Indexing file (246/1079): m8Icp_Cid5o.json - 39490 bytes
Indexing file (247/1079): 0B5eIE_1vpU.json - 39797 bytes
Indexing file (248/1079): CNuI8OWsppg.json - 28819 bytes
Indexing file (249/1079): qw--VYLpxG4.json - 449353 bytes
Indexing file (250/1079): LiOzTQAz13Q.json - 142863 bytes
Indexing file (251/1079): KjY94sAKLlw.json - 70517 bytes
Indexing file (252/1079): _CBYbEGvxYY.json - 33409 bytes
Indexing file (253/1079): qKJP93dWn40.json - 1411 bytes
Indexing file (254/1079): kEitFAY7Gc8.json - 27092 bytes
Indexing file (255/1079): msrnbh66OhM.json - 8978 bytes
Indexing file (256/1079): TplT4qjz1RQ.json - 23452 bytes
Indexing file (257/1079): HvxmF0FUwrM.json - 27435 bytes
Indexing file (258/1079): 5GYr1L0wMxg.json - 2272 bytes
Indexing file (259/1079): SzugBxKJbyw.json - 8087 bytes
Indexing file (260/1079): i7vOAcUo5iA.json - 50134 bytes
Indexing file (261/1079): 2LhoCfjm8R4.json - 84699 bytes
Indexing file (262/1079): ChTGbmR2NeM.json - 17084 bytes
Indexing file (263/1079): zN8YNNHcaZc.json - 92306 bytes
Indexing file (264/1079): 80mNZBAFzIY.json - 1581 bytes
Indexing file (265/1079): dS44jZyj5gU.json - 15262 bytes
Indexing file (266/1079): srvUrASNj0s.json - 170130 bytes
Indexing file (267/1079): 9ksLij2oMe4.json - 6751 bytes
Indexing file (268/1079): 3STV6K8ImsY.json - 3876 bytes
Indexing file (269/1079): x_fHXt9V3zQ.json - 33520 bytes
Indexing file (270/1079): 0iB5IPoTDts.json - 85178 bytes
Indexing file (271/1079): frvXANSaSec.json - 18035 bytes
Indexing file (272/1079): poLzjLt2yqU.json - 45810 bytes
Indexing file (273/1079): DwQJ_NPQWWo.json - 13735 bytes
Indexing file (274/1079): ztHopE5Wnpc.json - 246662 bytes
Indexing file (275/1079): eWRfhZUzrAc.json - 141828 bytes
Indexing file (276/1079): 8WpercDYOAA.json - 735 bytes
Indexing file (277/1079): fgdpvwEWJ9M.json - 35968 bytes
Indexing file (278/1079): 30LWjhZzg50.json - 107304 bytes
Indexing file (279/1079): 0277AINk5xk.json - 26306 bytes
Indexing file (280/1079): zOjov-2OZ0E.json - 718414 bytes
Indexing file (281/1079): u9WOdMWjgso.json - 35468 bytes
Indexing file (282/1079): CD4qAhfFuLo.json - 104708 bytes
Indexing file (283/1079): Ulln8JIYzqY.json - 3104 bytes
Indexing file (284/1079): 7XmS8McW_1U.json - 12890 bytes
Indexing file (285/1079): jAAmI5gMlVo.json - 14816 bytes
Indexing file (286/1079): 0sOvCWFmrtA.json - 426401 bytes
Indexing file (287/1079): m_mtV4YaI8c.json - 27311 bytes
Indexing file (288/1079): tujhGdn1EMI.json - 25765 bytes
Indexing file (289/1079): B7seUQzZGx0.json - 2974 bytes
Indexing file (290/1079): FjrKMcnKahY.json - 41397 bytes
Indexing file (291/1079): xZbU6bCZFYo.json - 49878 bytes
Indexing file (292/1079): u7n9t1cBei8.json - 11325 bytes
Indexing file (293/1079): GF8aoDqebsQ.json - 5047 bytes
Indexing file (294/1079): ZXdFisA_hOY.json - 149355 bytes
Indexing file (295/1079): GJJc1t0rtSU.json - 18593 bytes
Indexing file (296/1079): fqMOX6JJhGo.json - 265972 bytes
Indexing file (297/1079): JQ_BCly-heU.json - 2772 bytes
Indexing file (298/1079): ZniVgo8U7ek.json - 60504 bytes
Indexing file (299/1079): AsTagX5tG4E.json - 103412 bytes
Indexing file (300/1079): 4cWkVbC2bNE.json - 91358 bytes
Indexing file (301/1079): 1DklrGoAxDE.json - 57664 bytes
Indexing file (302/1079): Xy1K8ODZC8w.json - 7944 bytes
Indexing file (303/1079): 3Kq1MIfTWCE.json - 1052654 bytes
Indexing file (304/1079): L8ypSXwyBds.json - 30847 bytes
Indexing file (305/1079): KKzbLstwdGY.json - 4121 bytes
Indexing file (306/1079): pyU5zV4tIL4.json - 1838 bytes
Indexing file (307/1079): t_ispmWmdjY.json - 204688 bytes
Indexing file (308/1079): YD0egXpd-Y0.json - 42213 bytes
Indexing file (309/1079): kF0UBL1eHeQ.json - 21324 bytes
Indexing file (310/1079): xV7S8BhIeBo.json - 173755 bytes
Indexing file (311/1079): BFMyUgF6I8Y.json - 12340 bytes
Indexing file (312/1079): coQ5dg8wM2o.json - 533710 bytes
Indexing file (313/1079): zwBMp1U6FII.json - 4425 bytes
Indexing file (314/1079): iVRO0toVdYM.json - 10650 bytes
Indexing file (315/1079): s16xd9XyDnY.json - 21986 bytes
Indexing file (316/1079): 43YenciicXk.json - 5012 bytes
Indexing file (317/1079): p65AHm9MX80.json - 110285 bytes
Indexing file (318/1079): SqvVm3QiQVk.json - 41034 bytes
Indexing file (319/1079): Uszj_k0DGsg.json - 96615 bytes
Indexing file (320/1079): RdMAEdGvtLA.json - 73079 bytes
Indexing file (321/1079): 9HOvkVQjGf8.json - 4006 bytes
Indexing file (322/1079): KJgsSFOSQv0.json - 1326452 bytes
Indexing file (323/1079): IJDJ0kBx2LM.json - 124919 bytes
Indexing file (324/1079): RiCQzBluTxU.json - 14325 bytes
Indexing file (325/1079): 808eYu9B9Yw.json - 14620 bytes
Indexing file (326/1079): SUS44Lj6oBI.json - 3329 bytes
Indexing file (327/1079): pTJJsmejUOQ.json - 98062 bytes
Indexing file (328/1079): vLnPwxZdW4Y.json - 2436109 bytes
Indexing file (329/1079): bMknfKXIFA8.json - 459487 bytes
Indexing file (330/1079): NJhXiR1z7Kg.json - 1162 bytes
Indexing file (331/1079): Gaosub7FRf4.json - 130293 bytes
Indexing file (332/1079): A_l0qrPUJds.json - 35247 bytes
Indexing file (333/1079): I250xdtUvy8.json - 30234 bytes
Indexing file (334/1079): x0EYpi38Yp4.json - 22839 bytes
Indexing file (335/1079): LXJOvkVYQqA.json - 75900 bytes
Indexing file (336/1079): uqUYNqZx0qY.json - 4766 bytes
Indexing file (337/1079): j7VZsCCnptM.json - 98836 bytes
Indexing file (338/1079): 023Psne_-_4.json - 95804 bytes
Indexing file (339/1079): SiBw7os-_zI.json - 97513 bytes
Indexing file (340/1079): HGOBQPFzWKo.json - 348172 bytes
Indexing file (341/1079): PXMJ6FS7llk.json - 69263 bytes
Indexing file (342/1079): 7bejSTim38A.json - 13894 bytes
Indexing file (343/1079): QsmXlGCtjUk.json - 2679 bytes
Indexing file (344/1079): fg_Q5xdubLM.json - 2639 bytes
Indexing file (345/1079): C5cnZ-gZy2I.json - 198233 bytes
Indexing file (346/1079): skq7E2xS1Bo.json - 39543 bytes
Indexing file (347/1079): kMT54MPz9oE.json - 85615 bytes
Indexing file (348/1079): tAZKZlFUDnY.json - 5088 bytes
Indexing file (349/1079): TPMlZxRRaBQ.json - 49476 bytes
Indexing file (350/1079): GbWeRARcVBM.json - 3293 bytes
Indexing file (351/1079): WjUdCdfJSMs.json - 23158 bytes
Indexing file (352/1079): Ia-UEYYR44s.json - 459045 bytes
Indexing file (353/1079): iLx4ma8ZqvQ.json - 43069 bytes
Indexing file (354/1079): rO8-cgtkZSw.json - 59032 bytes
Indexing file (355/1079): OxfJ7xw5hQE.json - 29488 bytes
Indexing file (356/1079): eru2emiqow0.json - 37373 bytes
Indexing file (357/1079): F5mRW0jo-U4.json - 482280 bytes
Indexing file (358/1079): qH9mWpYMtYU.json - 50808 bytes
Indexing file (359/1079): F-sFp_AvHc8.json - 72587 bytes
Indexing file (360/1079): NQP89ish9t8.json - 151916 bytes
Indexing file (361/1079): pdy3nh1tn6I.json - 76520 bytes
Indexing file (362/1079): QhybHEs87mk.json - 2926 bytes
Indexing file (363/1079): F2JCjVSZlG0.json - 74263 bytes
Indexing file (364/1079): F1VZj-zqnG4.json - 2007 bytes
Indexing file (365/1079): BEquEEsr6_Q.json - 2188 bytes
Indexing file (366/1079): KYV2lYsUCPQ.json - 1375 bytes
Indexing file (367/1079): xh4gy1lbL2k.json - 46593 bytes
Indexing file (368/1079): vPEJSJMg4jY.json - 16332 bytes
Indexing file (369/1079): WGsk13xh-Fk.json - 6020 bytes
Indexing file (370/1079): zMg3PO8MtyI.json - 2572 bytes
Indexing file (371/1079): VPvVD8t02U8.json - 307571 bytes
Indexing file (372/1079): xl5fqr-CpTY.json - 29927 bytes
Indexing file (373/1079): 4AXDKWuY9QM.json - 6667 bytes
Indexing file (374/1079): qFJeN9V1ZsI.json - 153528 bytes
Indexing file (375/1079): JwSS70SZdyM.json - 139772 bytes
Indexing file (376/1079): 8IUgB5-CKDQ.json - 4963 bytes
Indexing file (377/1079): Vw7KklJ8Lj8.json - 41663 bytes
Indexing file (378/1079): Cy9fAvsXGZA.json - 28282 bytes
Indexing file (379/1079): qiQR5rTSshw.json - 252268 bytes
Indexing file (380/1079): 9TVYjjWkuOU.json - 52998 bytes
Indexing file (381/1079): OV9rruR09HM.json - 1213 bytes
Indexing file (382/1079): 359zcpybgIM.json - 3369 bytes
Indexing file (383/1079): 4TIvB8zDFio.json - 71602 bytes
Indexing file (384/1079): wfWxdh-_k_4.json - 416491 bytes
Indexing file (385/1079): gB1F9G0JXOo.json - 611184 bytes
Indexing file (386/1079): DIzJC8wRp-s.json - 4701 bytes
Indexing file (387/1079): l8HB14TBzs8.json - 23206 bytes
Indexing file (388/1079): Eps1paAaLC8.json - 7452 bytes
Indexing file (389/1079): s8XjEuplx_U.json - 87654 bytes
Indexing file (390/1079): A74TOX803D0.json - 68026 bytes
Indexing file (391/1079): xO17P9LVkK0.json - 16912 bytes
Indexing file (392/1079): ANHx2jnaLf8.json - 1589 bytes
Indexing file (393/1079): PfN6d87r9uw.json - 3894 bytes
Indexing file (394/1079): M1_v5HBVHWo.json - 90870 bytes
Indexing file (395/1079): xXLj5MbrI44.json - 7555 bytes
Indexing file (396/1079): fahY2YY5Atg.json - 969 bytes
Indexing file (397/1079): 4UZrsTqkcW4.json - 530505 bytes
Indexing file (398/1079): UqMUoINlKnY.json - 2428 bytes
Indexing file (399/1079): 64TbMmCgRv0.json - 4464 bytes
Indexing file (400/1079): VT674-wB6-Q.json - 7700 bytes
Indexing file (401/1079): zdgYw-3tzfI.json - 37186 bytes
Indexing file (402/1079): Oc_ITwxiG-Y.json - 17293 bytes
Indexing file (403/1079): AtIB_3_DZUk.json - 4741 bytes
Indexing file (404/1079): tHRNuBf_8xg.json - 7152 bytes
Indexing file (405/1079): 4VY0kHqIqyU.json - 1574 bytes
Indexing file (406/1079): lauywdXKEXI.json - 33805 bytes
Indexing file (407/1079): jS4aFq5-91M.json - 520101 bytes
Indexing file (408/1079): YZvRrldjf1Y.json - 135037 bytes
Indexing file (409/1079): 2SpuBqvNjHI.json - 218575 bytes
Indexing file (410/1079): cZ6IsFkITIw.json - 9164 bytes
Indexing file (411/1079): _cPwFo--1LA.json - 12192 bytes
Indexing file (412/1079): jaVNP3nIAv0.json - 237225 bytes
Indexing file (413/1079): comQ1-x2a1Q.json - 65542 bytes
Indexing file (414/1079): UTQp6mvhb0Y.json - 50345 bytes
Indexing file (415/1079): YLePu83QgBg.json - 993 bytes
Indexing file (416/1079): VZ6LifcOXfM.json - 78016 bytes
Indexing file (417/1079): bRlvGoWz6Ig.json - 22111 bytes
Indexing file (418/1079): i_Iq4_Kd7Rc.json - 217610 bytes
Indexing file (419/1079): 909NfO1St0A.json - 23600 bytes
Indexing file (420/1079): XBTJDpT2XaI.json - 32968 bytes
Indexing file (421/1079): jUfBa9pOGLs.json - 1961 bytes
Indexing file (422/1079): -qfEOE4vtxE.json - 95203 bytes
Indexing file (423/1079): fY-7IbtIYj4.json - 4724 bytes
Indexing file (424/1079): VRz0nbax0uI.json - 22094 bytes
Indexing file (425/1079): fM5qnyasUYI.json - 13731 bytes
Indexing file (426/1079): _zCyLT33moA.json - 3973 bytes
Indexing file (427/1079): C2DBDZKkLss.json - 62583 bytes
Indexing file (428/1079): oWEk30VSBxU.json - 4590 bytes
Indexing file (429/1079): BUjdnxgBgzM.json - 62863 bytes
Indexing file (430/1079): HzWf-EeE3uI.json - 5187 bytes
Indexing file (431/1079): AplluksKvzI.json - 58255 bytes
Indexing file (432/1079): 6G_UQ0YepV8.json - 35975 bytes
Indexing file (433/1079): rAUn1Lom6dw.json - 209962 bytes
Indexing file (434/1079): Z-80ToWFcvA.json - 651 bytes
Indexing file (435/1079): N2opj8XzYBY.json - 87553 bytes
Indexing file (436/1079): k_YDxRFjKYg.json - 2781 bytes
Indexing file (437/1079): F3odgpghXzY.json - 18478 bytes
Indexing file (438/1079): ZMK5GPXGHEk.json - 1674 bytes
Indexing file (439/1079): _V8eKsto3Ug.json - 370076 bytes
Indexing file (440/1079): SOTamWNgDKc.json - 418925 bytes
Indexing file (441/1079): qhuFviJn-es.json - 24153 bytes
Indexing file (442/1079): iYwF2qXBt4c.json - 21032 bytes
Indexing file (443/1079): eaLKqoB9Fu0.json - 12548 bytes
Indexing file (444/1079): AKacS-t-MfQ.json - 29819 bytes
Indexing file (445/1079): r6SnMjsLrBk.json - 2325 bytes
Indexing file (446/1079): wx4lQNGTf1s.json - 1426 bytes
Indexing file (447/1079): TbMKwl11itQ.json - 142441 bytes
Indexing file (448/1079): DLX62G4lc44.json - 577307 bytes
Indexing file (449/1079): GZvSYJDk-us.json - 476152 bytes
Indexing file (450/1079): FACqPCLxPTY.json - 947 bytes
Indexing file (451/1079): R001x8NBisI.json - 6390 bytes
Indexing file (452/1079): KsoUiNv1SZA.json - 16193 bytes
Indexing file (453/1079): Bj6lC93JMi0.json - 33416 bytes
Indexing file (454/1079): 8ARodQ4Wlf4.json - 25652 bytes
Indexing file (455/1079): mDgEqoQUBgk.json - 118754 bytes
Indexing file (456/1079): IMCT0YusAl0.json - 2099 bytes
Indexing file (457/1079): x5gLL8-M9Fo.json - 17505 bytes
Indexing file (458/1079): rCm5RVYKWVg.json - 50047 bytes
Indexing file (459/1079): pkYVOmU3MgA.json - 147557 bytes
Indexing file (460/1079): a-JKj7m2LIo.json - 13591 bytes
Indexing file (461/1079): w5whn4iJCLc.json - 2045 bytes
Indexing file (462/1079): 7VA2MnDlt_I.json - 2134 bytes
Indexing file (463/1079): cFTFtuEQ-10.json - 15469 bytes
Indexing file (464/1079): ifOzAyR1cG4.json - 11136 bytes
Indexing file (465/1079): b_IDdQzPRR4.json - 23321 bytes
Indexing file (466/1079): 3Zv_l8FHVs8.json - 7116 bytes
Indexing file (467/1079): m_HJ3juuFvo.json - 37471 bytes
Indexing file (468/1079): p_s3zjCEBiQ.json - 1244 bytes
Indexing file (469/1079): oBt53YbR9Kk.json - 1101561 bytes
Indexing file (470/1079): I549C6SmUnk.json - 60133 bytes
Indexing file (471/1079): r8UvWSX3KA8.json - 35553 bytes
Indexing file (472/1079): VywxIQ2ZXw4.json - 229047 bytes
Indexing file (473/1079): YXZX_6RfHjk.json - 10570 bytes
Indexing file (474/1079): vtPkZShrvXQ.json - 222420 bytes
Indexing file (475/1079): mtDJfSHQfAM.json - 2796 bytes
Indexing file (476/1079): FXpIoQ_rT_c.json - 111976 bytes
Indexing file (477/1079): llv5kW4sz0U.json - 34834 bytes
Indexing file (478/1079): GPVsHOlRBBI.json - 118955 bytes
Indexing file (479/1079): hQBwCWtXkK0.json - 19840 bytes
Indexing file (480/1079): si9tjcnxruU.json - 75059 bytes
Indexing file (481/1079): kOcFZV3c75I.json - 7979 bytes
Indexing file (482/1079): 0fy9TCcX8Uc.json - 6804 bytes
Indexing file (483/1079): RjBxeb9erQk.json - 1124 bytes
Indexing file (484/1079): Z0rRtv0-AwE.json - 3154 bytes
Indexing file (485/1079): hmkF77F9TLw.json - 64496 bytes
Indexing file (486/1079): 0I_OURgu8Ow.json - 3145 bytes
Indexing file (487/1079): mKCwgMlZZKg.json - 2272 bytes
Indexing file (488/1079): aXwCrtAo4Wc.json - 15741 bytes
Indexing file (489/1079): X4eRbHgRawI.json - 41121 bytes
Indexing file (490/1079): stQ1IZEB2xk.json - 22690 bytes
Indexing file (491/1079): Ef07Hhoc5KE.json - 2925 bytes
Indexing file (492/1079): qTE48ByxZX4.json - 2446 bytes
Indexing file (493/1079): cdBvSlVCOXw.json - 5915 bytes
Indexing file (494/1079): eQ9WtrUmZdo.json - 2354 bytes
Indexing file (495/1079): -bEzt5ISACA.json - 59282 bytes
Indexing file (496/1079): veugT7A9psY.json - 3563 bytes
Indexing file (497/1079): i_LwzRVP7bg.json - 89756 bytes
Indexing file (498/1079): 10ij70XHuA0.json - 3072 bytes
Indexing file (499/1079): VtLXKU1PpRU.json - 119163 bytes
Indexing file (500/1079): dPWYUELwIdM.json - 63500 bytes
Indexing file (501/1079): hT3j87FMR6M.json - 68282 bytes
Indexing file (502/1079): 0ndQbJaw89Y.json - 5071 bytes
Indexing file (503/1079): fis26HvvDII.json - 560617 bytes
Indexing file (504/1079): XiFYShmnI4k.json - 6362 bytes
Indexing file (505/1079): NVvIpqmf_Xc.json - 22969 bytes
Indexing file (506/1079): EgFjQ8ug3W8.json - 2125 bytes
Indexing file (507/1079): yrIvUFDPR0g.json - 9486 bytes
Indexing file (508/1079): oD3miHerQbY.json - 31049 bytes
Indexing file (509/1079): JujR2StuYJ8.json - 830 bytes
Indexing file (510/1079): pmvxHOpms0g.json - 8876 bytes
Indexing file (511/1079): lZAoFs75_cs.json - 887791 bytes
Indexing file (512/1079): PGyhBwLyK2U.json - 101014 bytes
Indexing file (513/1079): 988UZFB0heA.json - 94231 bytes
Indexing file (514/1079): wN0x9eZLix4.json - 411680 bytes
Indexing file (515/1079): bK0o-8GMRss.json - 12014 bytes
Indexing file (516/1079): oKoXcm5f29o.json - 1870 bytes
Indexing file (517/1079): Bo0guUbL5uo.json - 70759 bytes
Indexing file (518/1079): lRaL-8qZ0mM.json - 50431 bytes
Indexing file (519/1079): 7rU_KyudGBY.json - 165814 bytes
Indexing file (520/1079): s4sB1hm73tw.json - 11503 bytes
Indexing file (521/1079): MOqpJp5ZyDE.json - 2766 bytes
Indexing file (522/1079): 6E6XecoTRVo.json - 22832 bytes
Indexing file (523/1079): GbivbPy00FU.json - 7305 bytes
Indexing file (524/1079): WcDaZ67TVRo.json - 73477 bytes
Indexing file (525/1079): un8-zGFXEfU.json - 10138 bytes
Indexing file (526/1079): zfvxp7PgQ6c.json - 43128 bytes
Indexing file (527/1079): 45MIykWJ-C4.json - 200646 bytes
Indexing file (528/1079): ZihKWQXRBmE.json - 28371 bytes
Indexing file (529/1079): fsCjFHuMXj0.json - 37894 bytes
Indexing file (530/1079): L3Fm3-uF9ik.json - 994 bytes
Indexing file (531/1079): 1BT4efG-ItA.json - 5058 bytes
Indexing file (532/1079): 9iYjOkRDzBs.json - 8590 bytes
Indexing file (533/1079): UEngvxZ11sw.json - 43831 bytes
Indexing file (534/1079): bSuivEKegVk.json - 30731 bytes
Indexing file (535/1079): 1FfX2xW3104.json - 23240 bytes
Indexing file (536/1079): RdRMNT-98Oo.json - 17956 bytes
Indexing file (537/1079): 6iZAl0jCHGc.json - 3021 bytes
Indexing file (538/1079): SPTfmiYiuok.json - 861552 bytes
Indexing file (539/1079): 2A_UFzW_lrg.json - 936 bytes
Indexing file (540/1079): ec8vSKJuZTk.json - 179662 bytes
Indexing file (541/1079): 09_LlHjoEiY.json - 169840 bytes
Indexing file (542/1079): QUT1VHiLmmI.json - 93878 bytes
Indexing file (543/1079): vmmtFnLt_2Q.json - 24613 bytes
Indexing file (544/1079): wu0ckYkltus.json - 9771 bytes
Indexing file (545/1079): d-PZ78KDeag.json - 7752 bytes
Indexing file (546/1079): gdZH7Anh_6w.json - 3530 bytes
Indexing file (547/1079): Jppuj6M1sJ4.json - 36720 bytes
Indexing file (548/1079): ssU_F-bbQyk.json - 910 bytes
Indexing file (549/1079): ed8SzALpx1Q.json - 114260 bytes
Indexing file (550/1079): YbV6OXvR8eI.json - 2182 bytes
Indexing file (551/1079): j5Zsa_eOXeY.json - 55450 bytes
Indexing file (552/1079): stx-tUS0vo4.json - 40285 bytes
Indexing file (553/1079): fW_OS3LGB9Q.json - 52175 bytes
Indexing file (554/1079): q_TZhCWbS3I.json - 24556 bytes
Indexing file (555/1079): BWVoPxob5DU.json - 3982 bytes
Indexing file (556/1079): MMg4n68wodo.json - 3950 bytes
Indexing file (557/1079): o0XbHvKxw7Y.json - 182134 bytes
Indexing file (558/1079): 15mS5R9grz4.json - 1532 bytes
Indexing file (559/1079): SOjZTmOMGcY.json - 25238 bytes
Indexing file (560/1079): 3pXVHRT-amw.json - 7749 bytes
Indexing file (561/1079): 3zw5LgKDMhg.json - 15498 bytes
Indexing file (562/1079): cPOtULagNnI.json - 31659 bytes
Indexing file (563/1079): EtEb40LE5zQ.json - 28459 bytes
Indexing file (564/1079): UGRDM86MBIQ.json - 119979 bytes
Indexing file (565/1079): NKEFWyqJ5XA.json - 542122 bytes
Indexing file (566/1079): Kbauf9IgsC4.json - 30722 bytes
Indexing file (567/1079): fKyf_esYgcA.json - 4284 bytes
Indexing file (568/1079): kt3cEjjkCZA.json - 32216 bytes
Indexing file (569/1079): Peq4GCPNC5c.json - 97482 bytes
Indexing file (570/1079): KibbYf9avko.json - 96522 bytes
Indexing file (571/1079): 2nXOxLpeu80.json - 36336 bytes
Indexing file (572/1079): tXIhdp5R7sc.json - 42124 bytes
Indexing file (573/1079): h21pa3yeW08.json - 6688 bytes
Indexing file (574/1079): n_ec3eowFLQ.json - 21644 bytes
Indexing file (575/1079): GFO_txvwK_c.json - 166400 bytes
Indexing file (576/1079): _gWfFEuert8.json - 30558 bytes
Indexing file (577/1079): K8tsFn9HbAQ.json - 2946 bytes
Indexing file (578/1079): zrs7u6bdbUw.json - 77580 bytes
Indexing file (579/1079): H9CSWMxJx84.json - 28071 bytes
Indexing file (580/1079): xMpPP2yK-AM.json - 1586 bytes
Indexing file (581/1079): Urwzk6ILvPQ.json - 32422 bytes
Indexing file (582/1079): W5_PbWXQepw.json - 2264 bytes
Indexing file (583/1079): EExSSotojVI.json - 59017 bytes
Indexing file (584/1079): VePSZcTBVNM.json - 1030 bytes
Indexing file (585/1079): xPEMup5SPTM.json - 4912 bytes
Indexing file (586/1079): r1xBCi5SOjw.json - 18094 bytes
Indexing file (587/1079): mihlK15rQ1Y.json - 1151 bytes
Indexing file (588/1079): bK7I79hcm08.json - 10087 bytes
Indexing file (589/1079): Ej_02ICOIgs.json - 218766 bytes
Indexing file (590/1079): RZ4p-saaQkc.json - 77404 bytes
Indexing file (591/1079): Aagf3RyK3Lw.json - 5482 bytes
Indexing file (592/1079): RLtyhwFtXQA.json - 140364 bytes
Indexing file (593/1079): 1hPgQWbWmEk.json - 172232 bytes
Indexing file (594/1079): A80YzvNwqXA.json - 28602 bytes
Indexing file (595/1079): 87Gx3U0BDlo.json - 62002 bytes
Indexing file (596/1079): 5CSKJv1qXoA.json - 2286 bytes
Indexing file (597/1079): yHLGUxt0EKc.json - 4674 bytes
Indexing file (598/1079): n7y0y_8zTo4.json - 3571 bytes
Indexing file (599/1079): Vd_Z1bYGrCM.json - 6310 bytes
Indexing file (600/1079): LN6Dol_fX0w.json - 16437 bytes
Indexing file (601/1079): smRX1XItAjU.json - 7655 bytes
Indexing file (602/1079): XC2B_fE7S0g.json - 7282 bytes
Indexing file (603/1079): m1_ih43p24s.json - 38673 bytes
Indexing file (604/1079): 8xPsg6yv7TU.json - 42758 bytes
Indexing file (605/1079): 4HSxX-EKJjw.json - 70292 bytes
Indexing file (606/1079): Gp5nnerXETg.json - 10730 bytes
Indexing file (607/1079): uIkxsBgkpj8.json - 34162 bytes
Indexing file (608/1079): LsNW4FPHuZE.json - 225564 bytes
Indexing file (609/1079): bcPahhyYEIk.json - 8526 bytes
Indexing file (610/1079): pYOJyQoBT3U.json - 2580 bytes
Indexing file (611/1079): LLKza5oULAA.json - 55502 bytes
Indexing file (612/1079): O79pJ7qXwoE.json - 128026 bytes
Indexing file (613/1079): F5KJVuii0Yw.json - 16354 bytes
Indexing file (614/1079): KUmi_KBLMQY.json - 3224 bytes
Indexing file (615/1079): mU6anWqZJcc.json - 879735 bytes
Indexing file (616/1079): vuBFzAdaHDY.json - 16419 bytes
Indexing file (617/1079): TILIcrrVABg.json - 7635 bytes
Indexing file (618/1079): OIc7urJC0zY.json - 51318 bytes
Indexing file (619/1079): wEVjaXK4sYQ.json - 23572 bytes
Indexing file (620/1079): DKlTBBuc32c.json - 136192 bytes
Indexing file (621/1079): qsTthZi23VE.json - 28178 bytes
Indexing file (622/1079): r-uOLxNrNk8.json - 215814 bytes
Indexing file (623/1079): 8vfQ6SWBZ-U.json - 28106 bytes
Indexing file (624/1079): g-XsXEsd6xA.json - 18530 bytes
Indexing file (625/1079): pN92rnO_n5U.json - 52689 bytes
Indexing file (626/1079): EeZBKv34mm4.json - 15937 bytes
Indexing file (627/1079): T6Yr7htcbk4.json - 4126 bytes
Indexing file (628/1079): OXGznpKZ_sA.json - 123143 bytes
Indexing file (629/1079): ieTHC78giGQ.json - 105667 bytes
Indexing file (630/1079): hEAg47jdYMs.json - 23949 bytes
Indexing file (631/1079): R0Z1G39plZ4.json - 2875 bytes
Indexing file (632/1079): C9vsQkMu5gk.json - 5752 bytes
Indexing file (633/1079): QfWw6zElusw.json - 3226 bytes
Indexing file (634/1079): pfDd8ku8idM.json - 7962 bytes
Indexing file (635/1079): 3Xc3CA655Y4.json - 28700 bytes
Indexing file (636/1079): zuegQmMdy8M.json - 333690 bytes
Indexing file (637/1079): 2e5p7LT3eaE.json - 2095 bytes
Indexing file (638/1079): ft30zcMlFao.json - 38397 bytes
Indexing file (639/1079): hcHczN3wryw.json - 2006 bytes
Indexing file (640/1079): _uWzpyr_5qk.json - 9097 bytes
Indexing file (641/1079): FzlpwoeSrE0.json - 29612 bytes
Indexing file (642/1079): hBxs3wEZyAs.json - 2916 bytes
Indexing file (643/1079): 2ZphE5HcQPQ.json - 54829 bytes
Indexing file (644/1079): F3J3PZj0zi0.json - 63711 bytes
Indexing file (645/1079): qPtScmB8CgA.json - 44744 bytes
Indexing file (646/1079): l8Imtec4ReQ.json - 261280 bytes
Indexing file (647/1079): rfdQHOB3jCU.json - 22395 bytes
Indexing file (648/1079): aook54SsfhY.json - 39231 bytes
Indexing file (649/1079): P2IGQT3BZQo.json - 49532 bytes
Indexing file (650/1079): 4yqu8YF29cU.json - 19889 bytes
Indexing file (651/1079): i1gHZ6QPOoA.json - 3130 bytes
Indexing file (652/1079): GpOO5iKzOmY.json - 36055 bytes
Indexing file (653/1079): fhRdqbEXp9Y.json - 16987 bytes
Indexing file (654/1079): ZtqBQ68cfJc.json - 238995 bytes
Indexing file (655/1079): jUfEn032IL8.json - 41385 bytes
Indexing file (656/1079): JgMIjJufr_s.json - 5947 bytes
Indexing file (657/1079): y6P8uvqRYgw.json - 2573 bytes
Indexing file (658/1079): 8ext9G7xspg.json - 560194 bytes
Indexing file (659/1079): zJ-LqeX_fLU.json - 284011 bytes
Indexing file (660/1079): RyTRgQ7k6QE.json - 27109 bytes
Indexing file (661/1079): ABlaMXkUwzY.json - 12111 bytes
Indexing file (662/1079): xfzGZB4HhEE.json - 457275 bytes
Indexing file (663/1079): TQUy8ENesGY.json - 46403 bytes
Indexing file (664/1079): WnMQ8HlmeXc.json - 65721 bytes
Indexing file (665/1079): PkZNo7MFNFg.json - 1774448 bytes
Indexing file (666/1079): Z63TxAJotgQ.json - 23969 bytes
Indexing file (667/1079): -ANCcFQBk6I.json - 44680 bytes
Indexing file (668/1079): ncM5Ldt5Trs.json - 9607 bytes
Indexing file (669/1079): j3XufmvEMiM.json - 29199 bytes
Indexing file (670/1079): a8BvToqQ7Zo.json - 935 bytes
Indexing file (671/1079): AwicscsvGLg.json - 23003 bytes
Indexing file (672/1079): UgSFxtIPc4c.json - 2262 bytes
Indexing file (673/1079): AvbuIRg8_Jg.json - 26790 bytes
Indexing file (674/1079): Jqn_wjkSZwo.json - 12061 bytes
Indexing file (675/1079): LrZNeyK1xU8.json - 11825 bytes
Indexing file (676/1079): RGOj5yH7evk.json - 571698 bytes
Indexing file (677/1079): jFNHerJqvFw.json - 33986 bytes
Indexing file (678/1079): FfWpgLFMI7w.json - 749334 bytes
Indexing file (679/1079): kGYGEcdPE2U.json - 3252 bytes
Indexing file (680/1079): mEPm9w5QlJM.json - 119412 bytes
Indexing file (681/1079): _xUcYfbtfsI.json - 63015 bytes
Indexing file (682/1079): SPAffu3ivIM.json - 9045 bytes
Indexing file (683/1079): 4sAUvPqb3l4.json - 2294 bytes
Indexing file (684/1079): l4sTSu9jst4.json - 7166 bytes
Indexing file (685/1079): f9M6P9IVn7k.json - 4799 bytes
Indexing file (686/1079): CseCDFed458.json - 8127 bytes
Indexing file (687/1079): rPSL1alFIjI.json - 17644 bytes
Indexing file (688/1079): 4z3EMCc4bP4.json - 11228 bytes
Indexing file (689/1079): 8mAITcNt710.json - 628977 bytes
Indexing file (690/1079): jcTj6FgWOpo.json - 28403 bytes
Indexing file (691/1079): bbanTh2CoAY.json - 2744 bytes
Indexing file (692/1079): _AaJmzmxHyg.json - 1007 bytes
Indexing file (693/1079): adrOtJCVP04.json - 2983 bytes
Indexing file (694/1079): 1EUwWiED1II.json - 3557 bytes
Indexing file (695/1079): xZMwg5z5VGk.json - 104918 bytes
Indexing file (696/1079): 2GO1a1vgNrc.json - 3700 bytes
Indexing file (697/1079): grEKMHGYyns.json - 392996 bytes
Indexing file (698/1079): mxsZlsG8tKA.json - 2726 bytes
Indexing file (699/1079): CoESC2XGZLg.json - 2231 bytes
Indexing file (700/1079): Rcntg9A3EGw.json - 2093 bytes
Indexing file (701/1079): gp5H0Vw39yw.json - 71143 bytes
Indexing file (702/1079): 8Xg7E9shq0U.json - 19670 bytes
Indexing file (703/1079): Zdf_AuEAWpY.json - 19235 bytes
Indexing file (704/1079): E-TUigZPjrg.json - 2944 bytes
Indexing file (705/1079): A5GvnU1JxdQ.json - 1919 bytes
Indexing file (706/1079): Yg5zkd9nm6w.json - 112650 bytes
Indexing file (707/1079): Gi-iGatrBHo.json - 2153 bytes
Indexing file (708/1079): IGYxfTTpoFg.json - 11881 bytes
Indexing file (709/1079): _ZqAVck-WeM.json - 40030 bytes
Indexing file (710/1079): hPECpDHHjoI.json - 1893 bytes
Indexing file (711/1079): GHTA143_b-s.json - 118015 bytes
Indexing file (712/1079): la-0ulfn0_M.json - 61072 bytes
Indexing file (713/1079): AAu8bjj6-UI.json - 55989 bytes
Indexing file (714/1079): Rs_rAxEsAvI.json - 316198 bytes
Indexing file (715/1079): UENzHyt_zFU.json - 4527 bytes
Indexing file (716/1079): LjlHcmEclFE.json - 6420 bytes
Indexing file (717/1079): P3qmqUZJ7l0.json - 92059 bytes
Indexing file (718/1079): HXV3zeQKqGY.json - 2212422 bytes
Indexing file (719/1079): gfmRrPjnEw4.json - 207987 bytes
Indexing file (720/1079): 3LWgbjVWLug.json - 67157 bytes
Indexing file (721/1079): _vCT42vDfgw.json - 27763 bytes
Indexing file (722/1079): Iz08OTTjR04.json - 42996 bytes
Indexing file (723/1079): zhJLVFR3pE8.json - 20916 bytes
Indexing file (724/1079): MHtqcL-3_fM.json - 43177 bytes
Indexing file (725/1079): ylJz7N-dv1E.json - 58216 bytes
Indexing file (726/1079): G6Dd8yviOt0.json - 10459 bytes
Indexing file (727/1079): tQprHSpNdps.json - 2332 bytes
Indexing file (728/1079): 4G_BzLxa9Nw.json - 65396 bytes
Indexing file (729/1079): 3EMxBkqC4z0.json - 163657 bytes
Indexing file (730/1079): iUjWjt4E6rs.json - 11333 bytes
Indexing file (731/1079): WzfDo2Wpxks.json - 59005 bytes
Indexing file (732/1079): l7-f9gS8VOs.json - 28532 bytes
Indexing file (733/1079): TfbgO07ZEYE.json - 980 bytes
Indexing file (734/1079): bo_LP6QOUio.json - 24335 bytes
Indexing file (735/1079): NWG8vO02oj4.json - 43253 bytes
Indexing file (736/1079): PhJAI0QBQvg.json - 819 bytes
Indexing file (737/1079): iwcHS7oTMk4.json - 650 bytes
Indexing file (738/1079): -iwjiiCGiO0.json - 8698 bytes
Indexing file (739/1079): UGBJHYpHPvA.json - 41559 bytes
Indexing file (740/1079): MsocPEZBd-M.json - 55694 bytes
Indexing file (741/1079): WPqXP_kLzpo.json - 116505 bytes
Indexing file (742/1079): Oj-n-VkVNIk.json - 5192 bytes
Indexing file (743/1079): U_EhnbpWhUQ.json - 96193 bytes
Indexing file (744/1079): vZAm3Ve9CGM.json - 1798 bytes
Indexing file (745/1079): JnTa9XtvmfI.json - 194042 bytes
Indexing file (746/1079): a_7Z7C_JCyo.json - 188818 bytes
Indexing file (747/1079): CB90NuMzfjk.json - 3074 bytes
Indexing file (748/1079): woufKp6HPXI.json - 24425 bytes
Indexing file (749/1079): 8IO7iYL8DKI.json - 5914 bytes
Indexing file (750/1079): pufKO5EG8nc.json - 7884 bytes
Indexing file (751/1079): AeC4G-H-MQA.json - 27319 bytes
Indexing file (752/1079): agbh1wbfJt8.json - 71972 bytes
Indexing file (753/1079): ix5jPkxsr7M.json - 112129 bytes
Indexing file (754/1079): jH85McHenvw.json - 42837 bytes
Indexing file (755/1079): 8hly31xKli0.json - 319134 bytes
Indexing file (756/1079): M576WGiDBdQ.json - 1153631 bytes
Indexing file (757/1079): AUAbh6zti5Q.json - 7547 bytes
Indexing file (758/1079): CqCDOosvZIk.json - 43820 bytes
Indexing file (759/1079): 8hb9UIxqjRI.json - 2420 bytes
Indexing file (760/1079): hDfkyF8U-pw.json - 48755 bytes
Indexing file (761/1079): 8dfePlONtls.json - 71129 bytes
Indexing file (762/1079): 7f50sQYjNRA.json - 24169 bytes
Indexing file (763/1079): OzUzrs8uJl8.json - 33264 bytes
Indexing file (764/1079): MpGLUVbqoYQ.json - 148041 bytes
Indexing file (765/1079): ToXna81iij0.json - 22580 bytes
Indexing file (766/1079): NFaZKFTycmc.json - 4952 bytes
Indexing file (767/1079): K2qjAixgLqk.json - 14962 bytes
Indexing file (768/1079): GhQdlIFylQ8.json - 1794138 bytes
Indexing file (769/1079): xe1yllE3mFE.json - 5087 bytes
Indexing file (770/1079): 9zUHg7xjIqQ.json - 93820 bytes
Indexing file (771/1079): bC7o8P_Ste4.json - 51356 bytes
Indexing file (772/1079): 8392NJjj8s0.json - 12226 bytes
Indexing file (773/1079): d4Y2DkKbxM0.json - 24186 bytes
Indexing file (774/1079): FkTR1GV1UXo.json - 2469 bytes
Indexing file (775/1079): RJ2kwpzX8so.json - 21998 bytes
Indexing file (776/1079): o0Pi0966BOM.json - 3634 bytes
Indexing file (777/1079): t6CBKf8K_Ac.json - 126640 bytes
Indexing file (778/1079): i1rQi9Maem8.json - 2277 bytes
Indexing file (779/1079): anKWXBXSzKM.json - 2248 bytes
Indexing file (780/1079): QqLkkBKVDyM.json - 8862 bytes
Indexing file (781/1079): jpno8FSqpc8.json - 81245 bytes
Indexing file (782/1079): Fa4cRMaTDUI.json - 121401 bytes
Indexing file (783/1079): lcYUjR8jCEQ.json - 4490 bytes
Indexing file (784/1079): J01rYl9T3BU.json - 94525 bytes
Indexing file (785/1079): vXJpOHz3_sY.json - 5552 bytes
Indexing file (786/1079): Z4F0sLwMP8g.json - 530 bytes
Indexing file (787/1079): _xkSvufmjEs.json - 114868 bytes
Indexing file (788/1079): 312RhjfetP8.json - 42291 bytes
Indexing file (789/1079): -Eiw_-v__Vo.json - 24722 bytes
Indexing file (790/1079): kRGQJqHHwXA.json - 10176 bytes
Indexing file (791/1079): jZx8PMQjobk.json - 37015 bytes
Indexing file (792/1079): 51gc7-eskU8.json - 16151 bytes
Indexing file (793/1079): -gJsYGjh4eQ.json - 3627 bytes
Indexing file (794/1079): ALhxxnTl5Co.json - 2617 bytes
Indexing file (795/1079): bgU7FeiWKzc.json - 10202 bytes
Indexing file (796/1079): EjfiYGRT8g8.json - 7182 bytes
Indexing file (797/1079): nBEBraDJkFg.json - 5428 bytes
Indexing file (798/1079): 3qBXWUpoPHo.json - 154322 bytes
Indexing file (799/1079): GKOgm5-GbUA.json - 28023 bytes
Indexing file (800/1079): COxGHDYV4aY.json - 1544 bytes
Indexing file (801/1079): F95z5Wxd9ks.json - 10915 bytes
Indexing file (802/1079): 8jLOx1hD3_o.json - 908573 bytes
Indexing file (803/1079): 4deVCNJq3qc.json - 193520 bytes
Indexing file (804/1079): eUl__GZP3FI.json - 3281 bytes
Indexing file (805/1079): zHcef4eHOc8.json - 12114 bytes
Indexing file (806/1079): GQ96b_u7rGc.json - 4425 bytes
Indexing file (807/1079): QeRSEoqpKVI.json - 51193 bytes
Indexing file (808/1079): H6hM_5ilhqw.json - 65496 bytes
Indexing file (809/1079): Ej_Pcr4uC2Q.json - 144346 bytes
Indexing file (810/1079): MmtfrjLLjJ0.json - 2630 bytes
Indexing file (811/1079): C1PZh_ea-7I.json - 16873 bytes
Indexing file (812/1079): jh86NGG9jdE.json - 17743 bytes
Indexing file (813/1079): lnQKsdCmjt4.json - 626 bytes
Indexing file (814/1079): eOI9GzMfd24.json - 17757 bytes
Indexing file (815/1079): n1mdAPFq2Os.json - 242182 bytes
Indexing file (816/1079): _8V5o2UHG0E.json - 87578 bytes
Indexing file (817/1079): ipYlztBRpp0.json - 21614 bytes
Indexing file (818/1079): WNi6kOhMDJQ.json - 6034 bytes
Indexing file (819/1079): 025QFeZfeyM.json - 154920 bytes
Indexing file (820/1079): qwfE7fSVaZM.json - 108761 bytes
Indexing file (821/1079): 5fb2aPlgoys.json - 72925 bytes
Indexing file (822/1079): 01sAkU_NvOY.json - 206043 bytes
Indexing file (823/1079): BJDVRA1KgdQ.json - 2330 bytes
Indexing file (824/1079): BRiNw490Eq0.json - 60094 bytes
Indexing file (825/1079): 2V1UUhBJ62Y.json - 9985 bytes
Indexing file (826/1079): Z1RJmh_OqeA.json - 307943 bytes
Indexing file (827/1079): MXnaUkmLXok.json - 10782 bytes
Indexing file (828/1079): mZomeS0tLxY.json - 16688 bytes
Indexing file (829/1079): flpmSXVTqBI.json - 21516 bytes
Indexing file (830/1079): wl8u02IdVxo.json - 8151 bytes
Indexing file (831/1079): 9Fd9hw329fY.json - 31486 bytes
Indexing file (832/1079): P1dtkWTX6Us.json - 4060 bytes
Indexing file (833/1079): F9UC9DY-vIU.json - 273133 bytes
Indexing file (834/1079): R9apl6B_ZgI.json - 25659 bytes
Indexing file (835/1079): mT5siI19gtc.json - 17633 bytes
Indexing file (836/1079): DBRW8nwZV-g.json - 17022 bytes
Indexing file (837/1079): LtoBGQPuu1c.json - 31793 bytes
Indexing file (838/1079): gbyYXgiSgdM.json - 31494 bytes
Indexing file (839/1079): tWVWeAqZ0WU.json - 157999 bytes
Indexing file (840/1079): x8OQEY_dmTQ.json - 2204 bytes
Indexing file (841/1079): AQe1INHTlkc.json - 6004 bytes
Indexing file (842/1079): dIUTsFT2MeQ.json - 65801 bytes
Indexing file (843/1079): mrHNSanmqQ4.json - 205952 bytes
Indexing file (844/1079): R0jVqeYzs9c.json - 9085 bytes
Indexing file (845/1079): FXfYSn8qaUE.json - 6658 bytes
Indexing file (846/1079): lX9hsdsAeTk.json - 20476 bytes
Indexing file (847/1079): iHF5fwsqu4I.json - 34683 bytes
Indexing file (848/1079): CyTWPr_WwdI.json - 30957 bytes
Indexing file (849/1079): _a5j7KoflTs.json - 128141 bytes
Indexing file (850/1079): 1mgLWu69ijU.json - 13407 bytes
Indexing file (851/1079): jgjfVFYKfZI.json - 7990 bytes
Indexing file (852/1079): rBHusPevM5k.json - 12862 bytes
Indexing file (853/1079): KhtEmR2A1Fw.json - 8963 bytes
Indexing file (854/1079): dM_JHpfFITs.json - 13448 bytes
Indexing file (855/1079): 61dIuT4S8eg.json - 3879 bytes
Indexing file (856/1079): pejxLkT-wek.json - 26641 bytes
Indexing file (857/1079): ZU1B9LGjnAA.json - 8970 bytes
Indexing file (858/1079): VyWAvY2CF9c.json - 57559 bytes
Indexing file (859/1079): kVOmc7NK1M0.json - 9730 bytes
Indexing file (860/1079): Y1HkHV592Ds.json - 2626 bytes
Indexing file (861/1079): xj9mFD71Vfc.json - 4503 bytes
Indexing file (862/1079): F0WoVEr0-44.json - 87133 bytes
Indexing file (863/1079): Thnv77n2e6Q.json - 4790 bytes
Indexing file (864/1079): ba7e4mksR5I.json - 30807 bytes
Indexing file (865/1079): jBzwzrDvZ18.json - 209858 bytes
Indexing file (866/1079): CdqT7_6v60E.json - 4712 bytes
Indexing file (867/1079): ZGOaCxX8HIU.json - 55131 bytes
Indexing file (868/1079): gbyQcrMbxyU.json - 1348 bytes
Indexing file (869/1079): IPo71JPKUmg.json - 100657 bytes
Indexing file (870/1079): B-k76DMOj2k.json - 4159 bytes
Indexing file (871/1079): 5mx7wRs8ju4.json - 2468 bytes
Indexing file (872/1079): RaTpreA0v7Q.json - 38094 bytes
Indexing file (873/1079): fvfqnFYXF_8.json - 1918 bytes
Indexing file (874/1079): XX9A6zFHXDA.json - 11114 bytes
Indexing file (875/1079): HS6KHYIYdXc.json - 24714 bytes
Indexing file (876/1079): 4fVdg3EEbi4.json - 3719 bytes
Indexing file (877/1079): nZ1DMMsyVyI.json - 53487 bytes
Indexing file (878/1079): VwaqJy_clnc.json - 13678 bytes
Indexing file (879/1079): 8wMKq7HvbKw.json - 52688 bytes
Indexing file (880/1079): kLO4X_3VYdg.json - 14507 bytes
Indexing file (881/1079): 0n809nd4Zu4.json - 61752 bytes
Indexing file (882/1079): gcF66q-UPCs.json - 48733 bytes
Indexing file (883/1079): kTp5xUtcalw.json - 32156 bytes
Indexing file (884/1079): vYEkEMfoi1c.json - 21314 bytes
Indexing file (885/1079): P2TcQ3h0ipQ.json - 95593 bytes
Indexing file (886/1079): -yHZ9uLVSp4.json - 22623 bytes
Indexing file (887/1079): 7b-1qWvQdqY.json - 7439 bytes
Indexing file (888/1079): 24Wpg6njlYI.json - 21072 bytes
Indexing file (889/1079): u_4ZhwZmtes.json - 1987 bytes
Indexing file (890/1079): 531FRc8e2Sk.json - 7245 bytes
Indexing file (891/1079): g2JOHLHh4rI.json - 39094 bytes
Indexing file (892/1079): ldYcgPKEZC8.json - 108776 bytes
Indexing file (893/1079): 98bGwOYoEGg.json - 28908 bytes
Indexing file (894/1079): fAAZixBzIAI.json - 86533 bytes
Indexing file (895/1079): M3ZWfamWrBM.json - 23506 bytes
Indexing file (896/1079): -Wlt8NRtOpo.json - 222833 bytes
Indexing file (897/1079): 8ztq9fQT6Kc.json - 17477 bytes
Indexing file (898/1079): o3ka5fYysBM.json - 31352 bytes
Indexing file (899/1079): QHOY7PyKDh0.json - 9072 bytes
Indexing file (900/1079): pGpn2YMXtdg.json - 8177 bytes
Indexing file (901/1079): mudOTSUumXg.json - 24928 bytes
Indexing file (902/1079): 9YddVVsdG5A.json - 27595 bytes
Indexing file (903/1079): VqiEhZYmvKk.json - 42335 bytes
Indexing file (904/1079): rZnaB8d_ZOw.json - 3852 bytes
Indexing file (905/1079): E-1xI85Zog8.json - 24865 bytes
Indexing file (906/1079): bbkBuqC1rU4.json - 38642 bytes
Indexing file (907/1079): zcCYuF9lQUM.json - 764 bytes
Indexing file (908/1079): d6WC5n9G_sM.json - 69763 bytes
Indexing file (909/1079): UoTxOVEecbI.json - 58325 bytes
Indexing file (910/1079): tYOl25gyuvk.json - 1573 bytes
Indexing file (911/1079): tcvTjQldnBI.json - 1341 bytes
Indexing file (912/1079): eI4an8aSsgw.json - 263286 bytes
Indexing file (913/1079): 22fyYvxz-do.json - 8973 bytes
Indexing file (914/1079): kPQftUukf7A.json - 6860 bytes
Indexing file (915/1079): hZ1DASYd9rk.json - 149866 bytes
Indexing file (916/1079): lo4BSraYvc8.json - 81982 bytes
Indexing file (917/1079): HXGtLIoiv3Q.json - 21881 bytes
Indexing file (918/1079): Gj5qBheGOEo.json - 14259 bytes
Indexing file (919/1079): GMeNhicP8ZQ.json - 1539 bytes
Indexing file (920/1079): bWD78tLk8Io.json - 6047 bytes
Indexing file (921/1079): z_mSgK-6pOQ.json - 5471 bytes
Indexing file (922/1079): 2cGHkBeGpeU.json - 10111 bytes
Indexing file (923/1079): RR_dQ4sBSBM.json - 8393 bytes
Indexing file (924/1079): pmKyG3NBY_k.json - 38543 bytes
Indexing file (925/1079): 4gMDR69DB6A.json - 17154 bytes
Indexing file (926/1079): 10PbGbTUSAg.json - 174612 bytes
Indexing file (927/1079): c9Wg6Cb_YlU.json - 136501 bytes
Indexing file (928/1079): dy9gr94s6ZY.json - 4476 bytes
Indexing file (929/1079): XpYz-q1lxu8.json - 16338 bytes
Indexing file (930/1079): Iz43uTVTolY.json - 1400 bytes
Indexing file (931/1079): GkvMEYvXMyk.json - 5435 bytes
Indexing file (932/1079): RYDiDpW2VkM.json - 59436 bytes
Indexing file (933/1079): 5ZzioWgcObg.json - 2095 bytes
Indexing file (934/1079): ddygEMBOXB4.json - 2643 bytes
Indexing file (935/1079): isbt-7DQBy0.json - 2912 bytes
Indexing file (936/1079): 6ooZfzQ9Ifo.json - 4579 bytes
Indexing file (937/1079): C1U-KuLmtbs.json - 7351 bytes
Indexing file (938/1079): NnpISZANByg.json - 17812 bytes
Indexing file (939/1079): Iz6W4HizXq8.json - 3235 bytes
Indexing file (940/1079): KSNx22U4uWE.json - 4547 bytes
Indexing file (941/1079): hCxvp3_o0gM.json - 9578 bytes
Indexing file (942/1079): umtwMEQm6qo.json - 1005 bytes
Indexing file (943/1079): PmDJIooZjBE.json - 36086 bytes
Indexing file (944/1079): t2CEgPsws3U.json - 130830 bytes
Indexing file (945/1079): wlIdop5Yv_Y.json - 6626 bytes
Indexing file (946/1079): 7WkfzokHGqo.json - 5719 bytes
Indexing file (947/1079): UfWyTyymFfI.json - 965 bytes
Indexing file (948/1079): Am8rT9xICRs.json - 8745 bytes
Indexing file (949/1079): 2_lswM1S264.json - 172600 bytes
Indexing file (950/1079): j-_s8f5K30I.json - 68438 bytes
Indexing file (951/1079): 41NOoEz3Tzc.json - 50388 bytes
Indexing file (952/1079): bJoafCX9iic.json - 4922 bytes
Indexing file (953/1079): YXPyB4XeYLA.json - 669335 bytes
Indexing file (954/1079): tPYj3fFJGjk.json - 388580 bytes
Indexing file (955/1079): QEMfnr5MO1w.json - 10318 bytes
Indexing file (956/1079): b9c5GmmS7ks.json - 8353 bytes
Indexing file (957/1079): 8X_Nmmvobb0.json - 2031 bytes
Indexing file (958/1079): ELE2_Mftqoc.json - 45712 bytes
Indexing file (959/1079): 6UlU_FsicK8.json - 55181 bytes
Indexing file (960/1079): N6BghzuFLIg.json - 52265 bytes
Indexing file (961/1079): OwZHNH8EfSU.json - 59699 bytes
Indexing file (962/1079): O1CxbJ0oWjM.json - 1245 bytes
Indexing file (963/1079): IR7Jbkuh824.json - 2695 bytes
Indexing file (964/1079): VK-iv4WuXeE.json - 6289 bytes
Indexing file (965/1079): wr7H6oUwYUU.json - 1744 bytes
Indexing file (966/1079): LYbt50dhTko.json - 28492 bytes
Indexing file (967/1079): NWONeJKn6kc.json - 229267 bytes
Indexing file (968/1079): dsVbhlBIfz0.json - 1255 bytes
Indexing file (969/1079): 8DvywoWv6fI.json - 901487 bytes
Indexing file (970/1079): sfmL6bGbiN8.json - 52622 bytes
Indexing file (971/1079): Z1N9JzNax2k.json - 32977 bytes
Indexing file (972/1079): JIFqqdRxmVo.json - 21850 bytes
Indexing file (973/1079): bq_jZY6Skto.json - 8912 bytes
Indexing file (974/1079): wPQ1-33teR4.json - 93185 bytes
Indexing file (975/1079): LSBC3n9x52Q.json - 7437 bytes
Indexing file (976/1079): SR5GxoFhIAU.json - 36089 bytes
Indexing file (977/1079): Hj_rA0dhr2I.json - 43608 bytes
Indexing file (978/1079): ipwxYa-F1uY.json - 297581 bytes
Indexing file (979/1079): 8o25pRbXdFw.json - 73938 bytes
Indexing file (980/1079): a_iQb1lnAEQ.json - 57256 bytes
Indexing file (981/1079): aiTTClKJbnw.json - 44331 bytes
Indexing file (982/1079): OUzaUJ3gEug.json - 45238 bytes
Indexing file (983/1079): 6ERdu4k62wI.json - 89176 bytes
Indexing file (984/1079): kzWIUX3CpuI.json - 45503 bytes
Indexing file (985/1079): GJFHqK_-ARA.json - 14602 bytes
Indexing file (986/1079): T-H4nJQyMig.json - 23917 bytes
Indexing file (987/1079): pqNCD_5r0IU.json - 46221 bytes
Indexing file (988/1079): XwzcrhhyDkc.json - 50341 bytes
Indexing file (989/1079): NUoIuv1l6V8.json - 7481 bytes
Indexing file (990/1079): _1BPrCHcjhs.json - 7272 bytes
Indexing file (991/1079): McoDjOCb2Zo.json - 90630 bytes
Indexing file (992/1079): LHBE6Q9XlzI.json - 291772 bytes
Indexing file (993/1079): jFfo23yIWac.json - 73766 bytes
Indexing file (994/1079): GZNoLHbme1Y.json - 2776 bytes
Indexing file (995/1079): fXhDM1MdVu4.json - 3141 bytes
Indexing file (996/1079): hEj61QV0wdg.json - 3047 bytes
Indexing file (997/1079): BfEjDD8mWYg.json - 202337 bytes
Indexing file (998/1079): UiYhTcqx_wk.json - 15792 bytes
Indexing file (999/1079): -FWuNnCe73g.json - 36986 bytes
Indexing file (1000/1079): D56hs0Twfco.json - 57301 bytes
Indexing file (1001/1079): mhv87mU2M4o.json - 2643 bytes
Indexing file (1002/1079): a3KHBqH7njs.json - 16882 bytes
Indexing file (1003/1079): 7gigNsz4Oe8.json - 104644 bytes
Indexing file (1004/1079): 3PHXvlpOkf4.json - 296274 bytes
Indexing file (1005/1079): cQx6ig3mp1U.json - 43456 bytes
Indexing file (1006/1079): whuIf33v2Ug.json - 63489 bytes
Indexing file (1007/1079): xSUm6iMtREA.json - 69964 bytes
Indexing file (1008/1079): w1Aozoynr6M.json - 4581 bytes
Indexing file (1009/1079): NPtnp0w_mmA.json - 6093 bytes
Indexing file (1010/1079): Wl-VvvNCk2A.json - 1333 bytes
Indexing file (1011/1079): QnLBGxtteV8.json - 1766 bytes
Indexing file (1012/1079): ZpwZS3XnEZA.json - 29330 bytes
Indexing file (1013/1079): SQipnBNVjv0.json - 2029 bytes
Indexing file (1014/1079): cPmjQ9V6Hbk.json - 30000 bytes
Indexing file (1015/1079): AzCQrjWQJs4.json - 7466 bytes
Indexing file (1016/1079): e2IbNHi4uCI.json - 25847 bytes
Indexing file (1017/1079): C4t6qfHZ6Tw.json - 20649 bytes
Indexing file (1018/1079): _P3CrgFlXhg.json - 21016 bytes
Indexing file (1019/1079): Y0-qdp-XBJg.json - 55210 bytes
Indexing file (1020/1079): vR-y_2zWrIE.json - 6165 bytes
Indexing file (1021/1079): 1JsJx1x35c0.json - 24150 bytes
Indexing file (1022/1079): IZGlnImsrxc.json - 18282 bytes
Indexing file (1023/1079): w-OKdSHRlfA.json - 60423 bytes
Indexing file (1024/1079): HfACrKJ_Y2w.json - 902390 bytes
Indexing file (1025/1079): WeDpXUyUHY4.json - 1445 bytes
Indexing file (1026/1079): -vR3a11Wzt0.json - 25582 bytes
Indexing file (1027/1079): PfLBugPdgSk.json - 12552 bytes
Indexing file (1028/1079): u6gSSpfsoOQ.json - 127930 bytes
Indexing file (1029/1079): WbMUHSL2xpY.json - 20063 bytes
Indexing file (1030/1079): KCgYDCKqato.json - 53795 bytes
Indexing file (1031/1079): WMy3OzvBWc0.json - 98937 bytes
Indexing file (1032/1079): GwHX6FM-BHw.json - 34776 bytes
Indexing file (1033/1079): QTEKndwPS0o.json - 832 bytes
Indexing file (1034/1079): _drzb7j9Bg4.json - 8347 bytes
Indexing file (1035/1079): 9VPq1JxMfkA.json - 36911 bytes
Indexing file (1036/1079): Ee0HzlnIYWQ.json - 20683 bytes
Indexing file (1037/1079): GoXwIVyNvX0.json - 212256 bytes
Indexing file (1038/1079): 87vmgaIFEHE.json - 1676 bytes
Indexing file (1039/1079): ccfpj4eD6YM.json - 17619 bytes
Indexing file (1040/1079): 9sWEecNUW-o.json - 38440 bytes
Indexing file (1041/1079): oz32JxUx1Fk.json - 2577 bytes
Indexing file (1042/1079): wbZ6yrVxScM.json - 15749 bytes
Indexing file (1043/1079): GU9RA-SldV8.json - 2276 bytes
Indexing file (1044/1079): 1XWOq4q_O7Q.json - 1426 bytes
Indexing file (1045/1079): Pi46L7UYP8I.json - 75641 bytes
Indexing file (1046/1079): dpTFcPUe2oo.json - 5383 bytes
Indexing file (1047/1079): vb9uYBtqmeM.json - 19934 bytes
Indexing file (1048/1079): bmpI252DmiI.json - 209643 bytes
Indexing file (1049/1079): v9zgD8wjtbw.json - 4998 bytes
Indexing file (1050/1079): KOVc5o5kURE.json - 9850 bytes
Indexing file (1051/1079): 1Rs2ND1ryYc.json - 487743 bytes
Indexing file (1052/1079): sHuuo9L3e5c.json - 39738 bytes
Indexing file (1053/1079): gTVpBbFWry8.json - 37103 bytes
Indexing file (1054/1079): iJKCj8uAHz8.json - 179359 bytes
Indexing file (1055/1079): uTZFGXv798o.json - 16852 bytes
Indexing file (1056/1079): RrKRN9zRBWs.json - 218945 bytes
Indexing file (1057/1079): yz7nYlnXLfE.json - 13092 bytes
Indexing file (1058/1079): 5VUjP1wMqoE.json - 28798 bytes
Indexing file (1059/1079): _uSrE-gIdFc.json - 19659 bytes
Indexing file (1060/1079): 5JYKmMt3yf8.json - 2026 bytes
Indexing file (1061/1079): F6P0hve2clE.json - 24319 bytes
Indexing file (1062/1079): kj8HU-_P2NU.json - 9227 bytes
Indexing file (1063/1079): Vl0H-qTclOg.json - 773641 bytes
Indexing file (1064/1079): _y9oxzTGERs.json - 19552 bytes
Indexing file (1065/1079): P8BtVISDdt8.json - 5004 bytes
Indexing file (1066/1079): ZYb_ZU8LNxs.json - 171066 bytes
Indexing file (1067/1079): 2yScCvYqvhc.json - 4434 bytes
Indexing file (1068/1079): __izua1kKeI.json - 126759 bytes
Indexing file (1069/1079): 09wR8kYT3t8.json - 1893 bytes
Indexing file (1070/1079): OMXtJ0USM8s.json - 8410 bytes
Indexing file (1071/1079): J-cSy5MeMOA.json - 23931 bytes
Indexing file (1072/1079): XzADFUpAitc.json - 1157 bytes
Indexing file (1073/1079): CAgLAeykOyU.json - 6000 bytes
Indexing file (1074/1079): dfEZlcPvez8.json - 26767 bytes
Indexing file (1075/1079): MeZVVxLn26E.json - 10914 bytes
Indexing file (1076/1079): LwCRRUa8yTU.json - 808195 bytes
Indexing file (1077/1079): f-IGT7h_sWQ.json - 822 bytes
Indexing file (1078/1079): PM0_Er3SvFQ.json - 28613 bytes
Indexing file (1079/1079): fmyvWz5TUWg.json - 232440 bytes
Writing the index...
Writing sentiment analysis cache...
